# Logfile created on 2023-12-01 16:01:06 -0700 by logger.rb/v1.5.3
I, [2023-12-01T16:01:06.840331 #50111]  INFO -- : Running example 'Verifying a pact between dashboard_api and billing_service Given Billing subscriptions exist for user ID A request for an billing subscription with GET /subscriptions?user_id=1 returns a response which has status code 200'
I, [2023-12-01T16:01:06.840444 #50111]  INFO -- : Sending GET request to path: "/subscriptions?user_id=1" with headers: {"X_PACT_PROVIDER_STATES"=>[{"name"=>"Billing subscriptions exist for user ID"}]}, see debug logs for body
I, [2023-12-01T16:01:06.846887 #50111]  INFO -- : Running example 'Verifying a pact between dashboard_api and billing_service Given Billing subscriptions exist for user ID A request for an billing subscription with GET /subscriptions?user_id=1 returns a response which has a matching body'
I, [2023-12-01T16:01:06.846953 #50111]  INFO -- : Sending GET request to path: "/subscriptions?user_id=1" with headers: {"X_PACT_PROVIDER_STATES"=>[{"name"=>"Billing subscriptions exist for user ID"}]}, see debug logs for body
I, [2023-12-01T16:01:06.847710 #50111]  INFO -- : Running example 'Verifying a pact between dashboard_api and billing_service Given Billing subscriptions exist for user ID A request for an billing subscription with GET /subscriptions?user_id=1 returns a response which includes headers "Content-Type" which equals "application/json"'
I, [2023-12-01T16:01:06.847746 #50111]  INFO -- : Sending GET request to path: "/subscriptions?user_id=1" with headers: {"X_PACT_PROVIDER_STATES"=>[{"name"=>"Billing subscriptions exist for user ID"}]}, see debug logs for body
I, [2023-12-01T16:01:06.848517 #50111]  INFO -- : Running example 'Verifying a pact between dashboard_api and billing_service Given Billing subscriptions do not exist for user ID A request for an billing subscription with GET /subscriptions?user_id=0 returns a response which has status code 404'
I, [2023-12-01T16:01:06.848548 #50111]  INFO -- : Sending GET request to path: "/subscriptions?user_id=0" with headers: {"X_PACT_PROVIDER_STATES"=>[{"name"=>"Billing subscriptions do not exist for user ID"}]}, see debug logs for body
I, [2023-12-01T16:01:06.849216 #50111]  INFO -- : Running example 'Verifying a pact between dashboard_api and billing_service Given Billing subscriptions do not exist for user ID A request for an billing subscription with GET /subscriptions?user_id=0 returns a response which has a matching body'
I, [2023-12-01T16:01:06.849246 #50111]  INFO -- : Sending GET request to path: "/subscriptions?user_id=0" with headers: {"X_PACT_PROVIDER_STATES"=>[{"name"=>"Billing subscriptions do not exist for user ID"}]}, see debug logs for body
I, [2023-12-01T16:01:06.849883 #50111]  INFO -- : Running example 'Verifying a pact between dashboard_api and billing_service Given Billing subscriptions do not exist for user ID A request for an billing subscription with GET /subscriptions?user_id=0 returns a response which includes headers "Content-Type" which equals "application/json"'
I, [2023-12-01T16:01:06.849913 #50111]  INFO -- : Sending GET request to path: "/subscriptions?user_id=0" with headers: {"X_PACT_PROVIDER_STATES"=>[{"name"=>"Billing subscriptions do not exist for user ID"}]}, see debug logs for body
I, [2023-12-01T16:01:44.645424 #50151]  INFO -- : Running example 'Verifying a pact between dashboard_api and billing_service Given Billing subscriptions exist for user ID A request for an billing subscription with GET /subscriptions?user_id=1 returns a response which has status code 200'
I, [2023-12-01T16:01:44.645524 #50151]  INFO -- : Sending GET request to path: "/subscriptions?user_id=1" with headers: {"X_PACT_PROVIDER_STATES"=>[{"name"=>"Billing subscriptions exist for user ID"}]}, see debug logs for body
I, [2023-12-01T16:01:44.719250 #50151]  INFO -- : Received response with status: 200, headers: {"Server"=>"nginx/1.25.3", "Date"=>"Fri, 01 Dec 2023 23:01:44 GMT", "Content-Type"=>"application/json", "Content-Length"=>"65", "Connection"=>"keep-alive"}, see debug logs for body
I, [2023-12-01T16:01:44.723861 #50151]  INFO -- : Running example 'Verifying a pact between dashboard_api and billing_service Given Billing subscriptions do not exist for user ID A request for an billing subscription with GET /subscriptions?user_id=0 returns a response which has status code 404'
I, [2023-12-01T16:01:44.723964 #50151]  INFO -- : Sending GET request to path: "/subscriptions?user_id=0" with headers: {"X_PACT_PROVIDER_STATES"=>[{"name"=>"Billing subscriptions do not exist for user ID"}]}, see debug logs for body
I, [2023-12-01T16:01:44.730816 #50151]  INFO -- : Received response with status: 404, headers: {"Server"=>"nginx/1.25.3", "Date"=>"Fri, 01 Dec 2023 23:01:44 GMT", "Content-Type"=>"application/json", "Content-Length"=>"52", "Connection"=>"keep-alive"}, see debug logs for body
I, [2023-12-01T16:01:56.588307 #50177]  INFO -- : Running example 'Verifying a pact between dashboard_api and billing_service Given Billing subscriptions exist for user ID A request for an billing subscription with GET /subscriptions?user_id=1 returns a response which has status code 200'
I, [2023-12-01T16:01:56.588406 #50177]  INFO -- : Sending GET request to path: "/subscriptions?user_id=1" with headers: {"X_PACT_PROVIDER_STATES"=>[{"name"=>"Billing subscriptions exist for user ID"}]}, see debug logs for body
I, [2023-12-01T16:01:56.605665 #50177]  INFO -- : Received response with status: 200, headers: {"Server"=>"nginx/1.25.3", "Date"=>"Fri, 01 Dec 2023 23:01:56 GMT", "Content-Type"=>"application/json", "Content-Length"=>"65", "Connection"=>"keep-alive"}, see debug logs for body
I, [2023-12-01T16:01:56.608161 #50177]  INFO -- : Running example 'Verifying a pact between dashboard_api and billing_service Given Billing subscriptions do not exist for user ID A request for an billing subscription with GET /subscriptions?user_id=0 returns a response which has status code 404'
I, [2023-12-01T16:01:56.608228 #50177]  INFO -- : Sending GET request to path: "/subscriptions?user_id=0" with headers: {"X_PACT_PROVIDER_STATES"=>[{"name"=>"Billing subscriptions do not exist for user ID"}]}, see debug logs for body
I, [2023-12-01T16:01:56.620599 #50177]  INFO -- : Received response with status: 404, headers: {"Server"=>"nginx/1.25.3", "Date"=>"Fri, 01 Dec 2023 23:01:56 GMT", "Content-Type"=>"application/json", "Content-Length"=>"52", "Connection"=>"keep-alive"}, see debug logs for body
I, [2023-12-01T16:01:58.737822 #50200]  INFO -- : Running example 'Verifying a pact between dashboard_api and billing_service Given Billing subscriptions exist for user ID A request for an billing subscription with GET /subscriptions?user_id=1 returns a response which has status code 200'
I, [2023-12-01T16:01:58.737917 #50200]  INFO -- : Sending GET request to path: "/subscriptions?user_id=1" with headers: {"X_PACT_PROVIDER_STATES"=>[{"name"=>"Billing subscriptions exist for user ID"}]}, see debug logs for body
I, [2023-12-01T16:01:58.756520 #50200]  INFO -- : Received response with status: 200, headers: {"Server"=>"nginx/1.25.3", "Date"=>"Fri, 01 Dec 2023 23:01:58 GMT", "Content-Type"=>"application/json", "Content-Length"=>"65", "Connection"=>"keep-alive"}, see debug logs for body
I, [2023-12-01T16:01:58.758923 #50200]  INFO -- : Running example 'Verifying a pact between dashboard_api and billing_service Given Billing subscriptions do not exist for user ID A request for an billing subscription with GET /subscriptions?user_id=0 returns a response which has status code 404'
I, [2023-12-01T16:01:58.758982 #50200]  INFO -- : Sending GET request to path: "/subscriptions?user_id=0" with headers: {"X_PACT_PROVIDER_STATES"=>[{"name"=>"Billing subscriptions do not exist for user ID"}]}, see debug logs for body
I, [2023-12-01T16:01:58.772522 #50200]  INFO -- : Received response with status: 404, headers: {"Server"=>"nginx/1.25.3", "Date"=>"Fri, 01 Dec 2023 23:01:58 GMT", "Content-Type"=>"application/json", "Content-Length"=>"52", "Connection"=>"keep-alive"}, see debug logs for body
I, [2023-12-01T16:12:32.227790 #50494]  INFO -- : Running example 'Verifying a pact between dashboard_api and billing_service Given Billing subscriptions do not exist for user ID A request for an billing subscription with GET /subscriptions?user_id=0 returns a response which has status code 404'
I, [2023-12-01T16:12:32.228010 #50494]  INFO -- : Sending GET request to path: "/subscriptions?user_id=0" with headers: {"X_PACT_PROVIDER_STATES"=>[{"name"=>"Billing subscriptions do not exist for user ID"}]}, see debug logs for body
I, [2023-12-01T16:12:32.266019 #50494]  INFO -- : Received response with status: 404, headers: {"Server"=>"nginx/1.25.3", "Date"=>"Fri, 01 Dec 2023 23:12:32 GMT", "Content-Type"=>"application/json", "Content-Length"=>"52", "Connection"=>"keep-alive"}, see debug logs for body
I, [2023-12-01T16:12:32.267953 #50494]  INFO -- : Running example 'Verifying a pact between dashboard_api and billing_service Given Billing subscriptions exist for user ID A request for an billing subscription with GET /subscriptions?user_id=1 returns a response which has status code 200'
I, [2023-12-01T16:12:32.268032 #50494]  INFO -- : Sending GET request to path: "/subscriptions?user_id=1" with headers: {"X_PACT_PROVIDER_STATES"=>[{"name"=>"Billing subscriptions exist for user ID"}]}, see debug logs for body
I, [2023-12-01T16:12:32.273487 #50494]  INFO -- : Received response with status: 200, headers: {"Server"=>"nginx/1.25.3", "Date"=>"Fri, 01 Dec 2023 23:12:32 GMT", "Content-Type"=>"application/json", "Content-Length"=>"65", "Connection"=>"keep-alive"}, see debug logs for body
